<?xml version="1.0" encoding="UTF-8"?>
<testng-results ignored="0" total="1" passed="1" failed="0" skipped="0">
  <reporter-output>
  </reporter-output>
  <suite started-at="2025-03-21T16:56:35 ICT" name="Default suite" finished-at="2025-03-21T16:56:55 ICT" duration-ms="19449">
    <groups>
    </groups>
    <test started-at="2025-03-21T16:56:35 ICT" name="Default test" finished-at="2025-03-21T16:56:55 ICT" duration-ms="19449">
      <class name="automation.testsuite.Assignment01">
        <test-method is-config="true" signature="openBrowser()[pri:0, instance:automation.testsuite.Assignment01@38425407]" started-at="2025-03-21T16:56:35 ICT" name="openBrowser" finished-at="2025-03-21T16:56:40 ICT" duration-ms="4838" status="PASS">
          <reporter-output>
          </reporter-output>
        </test-method> <!-- openBrowser -->
        <test-method signature="comparePrice()[pri:0, instance:automation.testsuite.Assignment01@38425407]" started-at="2025-03-21T16:56:40 ICT" name="comparePrice" finished-at="2025-03-21T16:56:54 ICT" duration-ms="14053" status="PASS">
          <reporter-output>
          </reporter-output>
        </test-method> <!-- comparePrice -->
        <test-method is-config="true" signature="closeBrowser()[pri:0, instance:automation.testsuite.Assignment01@38425407]" started-at="2025-03-21T16:56:54 ICT" name="closeBrowser" finished-at="2025-03-21T16:56:55 ICT" duration-ms="490" status="PASS">
          <reporter-output>
          </reporter-output>
        </test-method> <!-- closeBrowser -->
      </class> <!-- automation.testsuite.Assignment01 -->
    </test> <!-- Default test -->
  </suite> <!-- Default suite -->
</testng-results>
