<?xml version="1.0" encoding="UTF-8"?>
<testng-results ignored="0" total="1" passed="1" failed="0" skipped="0">
  <reporter-output>
  </reporter-output>
  <suite started-at="2025-03-19T16:54:05 ICT" name="Default suite" finished-at="2025-03-19T16:54:30 ICT" duration-ms="25098">
    <groups>
    </groups>
    <test started-at="2025-03-19T16:54:05 ICT" name="Default test" finished-at="2025-03-19T16:54:30 ICT" duration-ms="25098">
      <class name="automation.testsuite.Assignment01">
        <test-method is-config="true" signature="openBrowser()[pri:0, instance:automation.testsuite.Assignment01@38425407]" started-at="2025-03-19T16:54:05 ICT" name="openBrowser" finished-at="2025-03-19T16:54:11 ICT" duration-ms="5571" status="PASS">
          <reporter-output>
          </reporter-output>
        </test-method> <!-- openBrowser -->
        <test-method signature="comparePrice()[pri:0, instance:automation.testsuite.Assignment01@38425407]" started-at="2025-03-19T16:54:11 ICT" name="comparePrice" finished-at="2025-03-19T16:54:30 ICT" duration-ms="19137" status="PASS">
          <reporter-output>
          </reporter-output>
        </test-method> <!-- comparePrice -->
        <test-method is-config="true" signature="closeBrowser()[pri:0, instance:automation.testsuite.Assignment01@38425407]" started-at="2025-03-19T16:54:30 ICT" name="closeBrowser" finished-at="2025-03-19T16:54:30 ICT" duration-ms="108" status="PASS">
          <reporter-output>
          </reporter-output>
        </test-method> <!-- closeBrowser -->
      </class> <!-- automation.testsuite.Assignment01 -->
    </test> <!-- Default test -->
  </suite> <!-- Default suite -->
</testng-results>
